Determining if the pthread_create exist failed with the following output:
Change Dir: /home/para/mudou/build/release/CMakeFiles/CMakeTmp

Run Build Command:/usr/bin/gmake "cmTryCompileExec1684622637/fast"
/usr/bin/gmake -f CMakeFiles/cmTryCompileExec1684622637.dir/build.make CMakeFiles/cmTryCompileExec1684622637.dir/build
gmake[1]: 进入目录“/home/para/mudou/build/release/CMakeFiles/CMakeTmp”
/usr/bin/cmake -E cmake_progress_report /home/para/mudou/build/release/CMakeFiles/CMakeTmp/CMakeFiles 1
Building C object CMakeFiles/cmTryCompileExec1684622637.dir/CheckSymbolExists.c.o
/usr/bin/cc    -o CMakeFiles/cmTryCompileExec1684622637.dir/CheckSymbolExists.c.o   -c /home/para/mudou/build/release/CMakeFiles/CMakeTmp/CheckSymbolExists.c
Linking C executable cmTryCompileExec1684622637
/usr/bin/cmake -E cmake_link_script CMakeFiles/cmTryCompileExec1684622637.dir/link.txt --verbose=1
/usr/bin/cc       CMakeFiles/cmTryCompileExec1684622637.dir/CheckSymbolExists.c.o  -o cmTryCompileExec1684622637 -rdynamic 
CMakeFiles/cmTryCompileExec1684622637.dir/CheckSymbolExists.c.o：在函数‘main’中：
CheckSymbolExists.c:(.text+0x16)：对‘pthread_create’未定义的引用
collect2: 错误：ld 返回 1
gmake[1]: 离开目录“/home/para/mudou/build/release/CMakeFiles/CMakeTmp”
gmake[1]: *** [cmTryCompileExec1684622637] 错误 1
gmake: *** [cmTryCompileExec1684622637/fast] 错误 2

File /home/para/mudou/build/release/CMakeFiles/CMakeTmp/CheckSymbolExists.c:
/* */
#include <pthread.h>

int main(int argc, char** argv)
{
  (void)argv;
#ifndef pthread_create
  return ((int*)(&pthread_create))[argc];
#else
  (void)argc;
  return 0;
#endif
}

Determining if the function pthread_create exists in the pthreads failed with the following output:
Change Dir: /home/para/mudou/build/release/CMakeFiles/CMakeTmp

Run Build Command:/usr/bin/gmake "cmTryCompileExec2258550468/fast"
/usr/bin/gmake -f CMakeFiles/cmTryCompileExec2258550468.dir/build.make CMakeFiles/cmTryCompileExec2258550468.dir/build
gmake[1]: 进入目录“/home/para/mudou/build/release/CMakeFiles/CMakeTmp”
/usr/bin/cmake -E cmake_progress_report /home/para/mudou/build/release/CMakeFiles/CMakeTmp/CMakeFiles 1
Building C object CMakeFiles/cmTryCompileExec2258550468.dir/CheckFunctionExists.c.o
/usr/bin/cc   -DCHECK_FUNCTION_EXISTS=pthread_create   -o CMakeFiles/cmTryCompileExec2258550468.dir/CheckFunctionExists.c.o   -c /usr/share/cmake/Modules/CheckFunctionExists.c
Linking C executable cmTryCompileExec2258550468
/usr/bin/cmake -E cmake_link_script CMakeFiles/cmTryCompileExec2258550468.dir/link.txt --verbose=1
/usr/bin/cc   -DCHECK_FUNCTION_EXISTS=pthread_create    CMakeFiles/cmTryCompileExec2258550468.dir/CheckFunctionExists.c.o  -o cmTryCompileExec2258550468 -rdynamic -lpthreads 
/usr/bin/ld: 找不到 -lpthreads
collect2: 错误：ld 返回 1
gmake[1]: 离开目录“/home/para/mudou/build/release/CMakeFiles/CMakeTmp”
gmake[1]: *** [cmTryCompileExec2258550468] 错误 1
gmake: *** [cmTryCompileExec2258550468/fast] 错误 2


